S:\Grafikprogrammierung\Projekt\gitreps\fh_grafikprog\Debug\cl.command.1.tlog
S:\Grafikprogrammierung\Projekt\gitreps\fh_grafikprog\Debug\CL.read.1.tlog
S:\Grafikprogrammierung\Projekt\gitreps\fh_grafikprog\Debug\CL.write.1.tlog
S:\Grafikprogrammierung\Projekt\gitreps\fh_grafikprog\Debug\Database.obj
S:\Grafikprogrammierung\Projekt\gitreps\fh_grafikprog\Debug\Drawable.obj
S:\Grafikprogrammierung\Projekt\gitreps\fh_grafikprog\Debug\GeoObject.obj
S:\Grafikprogrammierung\Projekt\gitreps\fh_grafikprog\Debug\GKS_Programm.exe
S:\Grafikprogrammierung\Projekt\gitreps\fh_grafikprog\Debug\GKS_Programm.exe.intermediate.manifest
S:\Grafikprogrammierung\Projekt\gitreps\fh_grafikprog\Debug\GKS_Programm.ilk
S:\Grafikprogrammierung\Projekt\gitreps\fh_grafikprog\Debug\GKS_Programm.obj
S:\Grafikprogrammierung\Projekt\gitreps\fh_grafikprog\Debug\GKS_Programm.pch
S:\GRAFIKPROGRAMMIERUNG\PROJEKT\GITREPS\FH_GRAFIKPROG\DEBUG\GKS_PROGRAMM.PDB
S:\Grafikprogrammierung\Projekt\gitreps\fh_grafikprog\Debug\GKSCircle.obj
S:\Grafikprogrammierung\Projekt\gitreps\fh_grafikprog\Debug\GKSDrawable.obj
S:\Grafikprogrammierung\Projekt\gitreps\fh_grafikprog\Debug\GKSLine.obj
S:\Grafikprogrammierung\Projekt\gitreps\fh_grafikprog\Debug\GKSPoint.obj
S:\Grafikprogrammierung\Projekt\gitreps\fh_grafikprog\Debug\GP_Aufgabe1.obj
S:\Grafikprogrammierung\Projekt\gitreps\fh_grafikprog\Debug\Kreis.obj
S:\Grafikprogrammierung\Projekt\gitreps\fh_grafikprog\Debug\Linie.obj
S:\Grafikprogrammierung\Projekt\gitreps\fh_grafikprog\Debug\link.command.1.tlog
S:\Grafikprogrammierung\Projekt\gitreps\fh_grafikprog\Debug\link.read.1.tlog
S:\Grafikprogrammierung\Projekt\gitreps\fh_grafikprog\Debug\link.write.1.tlog
S:\Grafikprogrammierung\Projekt\gitreps\fh_grafikprog\Debug\mt.command.1.tlog
S:\Grafikprogrammierung\Projekt\gitreps\fh_grafikprog\Debug\mt.read.1.tlog
S:\Grafikprogrammierung\Projekt\gitreps\fh_grafikprog\Debug\mt.write.1.tlog
S:\Grafikprogrammierung\Projekt\gitreps\fh_grafikprog\Debug\Punkt.obj
S:\Grafikprogrammierung\Projekt\gitreps\fh_grafikprog\Debug\stdafx.obj
S:\Grafikprogrammierung\Projekt\gitreps\fh_grafikprog\Debug\vc100.idb
S:\GRAFIKPROGRAMMIERUNG\PROJEKT\GITREPS\FH_GRAFIKPROG\DEBUG\VC100.PDB
