Build started 4/2/2013 10:31:06 PM.
     1>Project "S:\Grafikprogrammierung\Projekt\GKS_Programm\GKS_Programm.vcxproj" on node 2 (build target(s)).
     1>InitializeBuildStatus:
         Creating "Debug\GKS_Programm.unsuccessfulbuild" because "AlwaysCreate" was specified.
       ClCompile:
         All outputs are up-to-date.
         C:\Program Files (x86)\Microsoft Visual Studio 10.0\VC\bin\CL.exe /c /IS:\Grafikprogrammierung\Projekt\Klassen /ZI /nologo /W3 /WX- /Od /Oy- /D WIN32 /D _DEBUG /D _WINDOWS /D _MBCS /D _AFXDLL /Gm /EHsc /RTC1 /MDd /GS /fp:precise /Zc:wchar_t /Zc:forScope /GR /Yu"StdAfx.h" /Fp"Debug\GKS_Programm.pch" /Fo"Debug\\" /Fd"Debug\vc100.pdb" /Gd /TP /analyze- /errorReport:prompt Database.cpp
         Database.cpp
       Link:
         C:\Program Files (x86)\Microsoft Visual Studio 10.0\VC\bin\link.exe /ERRORREPORT:PROMPT /OUT:"S:\Grafikprogrammierung\Projekt\GKS_Programm\Debug\GKS_Programm.exe" /NOLOGO GServer100D.lib /MANIFEST /ManifestFile:"Debug\GKS_Programm.exe.intermediate.manifest" /MANIFESTUAC:"level='asInvoker' uiAccess='false'" /DEBUG /PDB:"S:\Grafikprogrammierung\Projekt\GKS_Programm\Debug\GKS_Programm.pdb" /SUBSYSTEM:CONSOLE /TLBID:1 /DYNAMICBASE /NXCOMPAT /IMPLIB:"S:\Grafikprogrammierung\Projekt\GKS_Programm\Debug\GKS_Programm.lib" /MACHINE:X86 Debug\Database.obj
         Debug\Drawable.obj
         Debug\GeoObject.obj
         Debug\GKSCircle.obj
         Debug\GKSDrawable.obj
         Debug\GKSLine.obj
         Debug\GKSPoint.obj
         Debug\GKS_Programm.obj
         Debug\GP_Aufgabe1.obj
         Debug\Kreis.obj
         Debug\Linie.obj
         Debug\Punkt.obj
         Debug\stdafx.obj
         LINK : S:\Grafikprogrammierung\Projekt\GKS_Programm\Debug\GKS_Programm.exe not found or not built by the last incremental link; performing full link
         GKS_Programm.vcxproj -> S:\Grafikprogrammierung\Projekt\GKS_Programm\Debug\GKS_Programm.exe
       Manifest:
         C:\Program Files (x86)\Microsoft SDKs\Windows\v7.0A\bin\mt.exe /nologo /verbose /outputresource:"S:\Grafikprogrammierung\Projekt\GKS_Programm\Debug\GKS_Programm.exe;#1" /manifest Debug\GKS_Programm.exe.intermediate.manifest "C:\Program Files (x86)\Microsoft Visual Studio 10.0\VC\Include\Manifest\dpiaware.manifest"
       FinalizeBuildStatus:
         Deleting file "Debug\GKS_Programm.unsuccessfulbuild".
         Touching "Debug\GKS_Programm.lastbuildstate".
     1>Done Building Project "S:\Grafikprogrammierung\Projekt\GKS_Programm\GKS_Programm.vcxproj" (build target(s)).

Build succeeded.

Time Elapsed 00:00:07.64
