G:\DROPBOX\FH\6. SEMESTER\GRAFIKPROGRAMMIERUNG\EIGENES\GRAFIKSERVERCLIENTANWENDUNG1\DEBUG\GRAFIKSERVERCLIENTANWENDUNG1.EXE
G:\Dropbox\FH\6. Semester\Grafikprogrammierung\eigenes\GrafikServerClientAnwendung1\Debug\GrafikServerClientAnwendung1.pdb
G:\DROPBOX\FH\6. SEMESTER\GRAFIKPROGRAMMIERUNG\EIGENES\GRAFIKSERVERCLIENTANWENDUNG1\GRAFIKSERVERCLIENTANWENDUNG1\DEBUG\CKREIS.OBJ
G:\Dropbox\FH\6. Semester\Grafikprogrammierung\eigenes\GrafikServerClientAnwendung1\GrafikServerClientAnwendung1\Debug\cl.command.1.tlog
G:\Dropbox\FH\6. Semester\Grafikprogrammierung\eigenes\GrafikServerClientAnwendung1\GrafikServerClientAnwendung1\Debug\CL.read.1.tlog
G:\Dropbox\FH\6. Semester\Grafikprogrammierung\eigenes\GrafikServerClientAnwendung1\GrafikServerClientAnwendung1\Debug\CL.write.1.tlog
G:\DROPBOX\FH\6. SEMESTER\GRAFIKPROGRAMMIERUNG\EIGENES\GRAFIKSERVERCLIENTANWENDUNG1\GRAFIKSERVERCLIENTANWENDUNG1\DEBUG\CLINIE.OBJ
G:\DROPBOX\FH\6. SEMESTER\GRAFIKPROGRAMMIERUNG\EIGENES\GRAFIKSERVERCLIENTANWENDUNG1\GRAFIKSERVERCLIENTANWENDUNG1\DEBUG\CPUNKT.OBJ
G:\DROPBOX\FH\6. SEMESTER\GRAFIKPROGRAMMIERUNG\EIGENES\GRAFIKSERVERCLIENTANWENDUNG1\GRAFIKSERVERCLIENTANWENDUNG1\DEBUG\GEOOBJEKT.OBJ
G:\DROPBOX\FH\6. SEMESTER\GRAFIKPROGRAMMIERUNG\EIGENES\GRAFIKSERVERCLIENTANWENDUNG1\GRAFIKSERVERCLIENTANWENDUNG1\DEBUG\GKS_PROGRAMM.OBJ
G:\Dropbox\FH\6. Semester\Grafikprogrammierung\eigenes\GrafikServerClientAnwendung1\GrafikServerClientAnwendung1\Debug\GrafikServerClientAnwendung1.exe.intermediate.manifest
G:\DROPBOX\FH\6. SEMESTER\GRAFIKPROGRAMMIERUNG\EIGENES\GRAFIKSERVERCLIENTANWENDUNG1\GRAFIKSERVERCLIENTANWENDUNG1\DEBUG\GRAFIKSERVERCLIENTANWENDUNG1.OBJ
G:\DROPBOX\FH\6. SEMESTER\GRAFIKPROGRAMMIERUNG\EIGENES\GRAFIKSERVERCLIENTANWENDUNG1\GRAFIKSERVERCLIENTANWENDUNG1\DEBUG\GRAFIKSERVERCLIENTANWENDUNG1.PCH
G:\Dropbox\FH\6. Semester\Grafikprogrammierung\eigenes\GrafikServerClientAnwendung1\GrafikServerClientAnwendung1\Debug\GrafikServerClientAnwendung1.vcxprojResolveAssemblyReference.cache
G:\Dropbox\FH\6. Semester\Grafikprogrammierung\eigenes\GrafikServerClientAnwendung1\GrafikServerClientAnwendung1\Debug\GrafikServerClientAnwendung1.write.1.tlog
G:\Dropbox\FH\6. Semester\Grafikprogrammierung\eigenes\GrafikServerClientAnwendung1\GrafikServerClientAnwendung1\Debug\link.command.1.tlog
G:\Dropbox\FH\6. Semester\Grafikprogrammierung\eigenes\GrafikServerClientAnwendung1\GrafikServerClientAnwendung1\Debug\link.read.1.tlog
G:\Dropbox\FH\6. Semester\Grafikprogrammierung\eigenes\GrafikServerClientAnwendung1\GrafikServerClientAnwendung1\Debug\link.write.1.tlog
G:\Dropbox\FH\6. Semester\Grafikprogrammierung\eigenes\GrafikServerClientAnwendung1\GrafikServerClientAnwendung1\Debug\mt.command.1.tlog
G:\Dropbox\FH\6. Semester\Grafikprogrammierung\eigenes\GrafikServerClientAnwendung1\GrafikServerClientAnwendung1\Debug\mt.read.1.tlog
G:\Dropbox\FH\6. Semester\Grafikprogrammierung\eigenes\GrafikServerClientAnwendung1\GrafikServerClientAnwendung1\Debug\mt.write.1.tlog
G:\DROPBOX\FH\6. SEMESTER\GRAFIKPROGRAMMIERUNG\EIGENES\GRAFIKSERVERCLIENTANWENDUNG1\GRAFIKSERVERCLIENTANWENDUNG1\DEBUG\STDAFX.OBJ
G:\Dropbox\FH\6. Semester\Grafikprogrammierung\eigenes\GrafikServerClientAnwendung1\GrafikServerClientAnwendung1\Debug\vc100.idb
G:\DROPBOX\FH\6. SEMESTER\GRAFIKPROGRAMMIERUNG\EIGENES\GRAFIKSERVERCLIENTANWENDUNG1\GRAFIKSERVERCLIENTANWENDUNG1\DEBUG\VC100.PDB
