Der Buildvorgang wurde am 20.03.2013 17:27:45 gestartet.
     1>Projekt "G:\Dropbox\FH\6. Semester\Grafikprogrammierung\eigenes\GrafikServerClientAnwendung1\GrafikServerClientAnwendung1\GrafikServerClientAnwendung1.vcxproj" auf Knoten "2", build Ziel(e).
     1>InitializeBuildStatus:
         "Debug\GrafikServerClientAnwendung1.unsuccessfulbuild" wird erstellt, da "AlwaysCreate" angegeben wurde.
       ClCompile:
         D:\Microsoft Visual Studio 10.0\VC\bin\CL.exe /c /ZI /nologo /W3 /WX- /Od /Oy- /D WIN32 /D _DEBUG /D _WINDOWS /D _MBCS /D _AFXDLL /Gm /EHsc /RTC1 /MDd /GS /fp:precise /Zc:wchar_t /Zc:forScope /GR /Yc"StdAfx.h" /Fp"Debug\GrafikServerClientAnwendung1.pch" /Fo"Debug\\" /Fd"Debug\vc100.pdb" /Gd /TP /analyze- /errorReport:prompt stdafx.cpp
         stdafx.cpp
         D:\Microsoft Visual Studio 10.0\VC\bin\CL.exe /c /ZI /nologo /W3 /WX- /Od /Oy- /D WIN32 /D _DEBUG /D _WINDOWS /D _MBCS /D _AFXDLL /Gm /EHsc /RTC1 /MDd /GS /fp:precise /Zc:wchar_t /Zc:forScope /GR /Yu"StdAfx.h" /Fp"Debug\GrafikServerClientAnwendung1.pch" /Fo"Debug\\" /Fd"Debug\vc100.pdb" /Gd /TP /analyze- /errorReport:prompt CKreis.cpp CLinie.cpp CPunkt.cpp GKS_Programm.cpp GeoObjekt.cpp GrafikServerClientAnwendung1.cpp
         GKS_Programm.cpp
     1>g:\dropbox\fh\6. semester\grafikprogrammierung\eigenes\grafikserverclientanwendung1\grafikserverclientanwendung1\gks_programm.cpp(19): warning C4244: 'Initialisierung': Konvertierung von 'double' in 'float', möglicher Datenverlust
     1>g:\dropbox\fh\6. semester\grafikprogrammierung\eigenes\grafikserverclientanwendung1\grafikserverclientanwendung1\gks_programm.cpp(67): warning C4305: 'Argument': Verkürzung von 'double' in 'Gfloat'
     1>g:\dropbox\fh\6. semester\grafikprogrammierung\eigenes\grafikserverclientanwendung1\grafikserverclientanwendung1\gks_programm.cpp(67): warning C4305: 'Argument': Verkürzung von 'double' in 'Gfloat'
         CPunkt.cpp
         CLinie.cpp
         CKreis.cpp
         Code wird generiert...
         Überspringen... (keine relevanten Änderungen gefunden)
         GrafikServerClientAnwendung1.cpp
         GeoObjekt.cpp
       Link:
         D:\Microsoft Visual Studio 10.0\VC\bin\link.exe /ERRORREPORT:PROMPT /OUT:"G:\Dropbox\FH\6. Semester\Grafikprogrammierung\eigenes\GrafikServerClientAnwendung1\Debug\GrafikServerClientAnwendung1.exe" /NOLOGO GServer100D.lib /MANIFEST /ManifestFile:"Debug\GrafikServerClientAnwendung1.exe.intermediate.manifest" /MANIFESTUAC:"level='asInvoker' uiAccess='false'" /DEBUG /PDB:"G:\Dropbox\FH\6. Semester\Grafikprogrammierung\eigenes\GrafikServerClientAnwendung1\Debug\GrafikServerClientAnwendung1.pdb" /SUBSYSTEM:CONSOLE /TLBID:1 /DYNAMICBASE /NXCOMPAT /IMPLIB:"G:\Dropbox\FH\6. Semester\Grafikprogrammierung\eigenes\GrafikServerClientAnwendung1\Debug\GrafikServerClientAnwendung1.lib" /MACHINE:X86 Debug\CKreis.obj
         Debug\GeoObjekt.obj
         Debug\GKS_Programm.obj
         Debug\GrafikServerClientAnwendung1.obj
         Debug\CLinie.obj
         Debug\CPunkt.obj
         Debug\stdafx.obj
         LINK : G:\Dropbox\FH\6. Semester\Grafikprogrammierung\eigenes\GrafikServerClientAnwendung1\Debug\GrafikServerClientAnwendung1.exe wurde nicht gefunden oder beim letzten inkrementellen Linkvorgang nicht erstellt; vollständiger Link wird durchgeführt.
         GrafikServerClientAnwendung1.vcxproj -> G:\Dropbox\FH\6. Semester\Grafikprogrammierung\eigenes\GrafikServerClientAnwendung1\Debug\GrafikServerClientAnwendung1.exe
       Manifest:
         C:\Program Files (x86)\Microsoft SDKs\Windows\v7.0A\bin\mt.exe /nologo /verbose /outputresource:"G:\Dropbox\FH\6. Semester\Grafikprogrammierung\eigenes\GrafikServerClientAnwendung1\Debug\GrafikServerClientAnwendung1.exe;#1" /manifest Debug\GrafikServerClientAnwendung1.exe.intermediate.manifest "D:\Microsoft Visual Studio 10.0\VC\Include\Manifest\dpiaware.manifest"
       FinalizeBuildStatus:
         Die Datei "Debug\GrafikServerClientAnwendung1.unsuccessfulbuild" wird gelöscht.
         Aktualisieren des Timestamps von "Debug\GrafikServerClientAnwendung1.lastbuildstate".
     1>Die Erstellung des Projekts "G:\Dropbox\FH\6. Semester\Grafikprogrammierung\eigenes\GrafikServerClientAnwendung1\GrafikServerClientAnwendung1\GrafikServerClientAnwendung1.vcxproj" ist abgeschlossen, build Ziel(e).

Das Erstellen war erfolgreich.

Verstrichene Zeit 00:00:01.92
