Build started 4/21/2013 12:34:42 AM.
     1>Project "D:\Studium\Grafikprogrammierung\Projekt\gitreps\Grafikproggen\Helper\Helper.vcxproj" on node 2 (rebuild target(s)).
     1>_PrepareForClean:
         Deleting file "Debug\Helper.lastbuildstate".
     1>C:\Program Files (x86)\MSBuild\Microsoft.Cpp\v4.0\Microsoft.CppBuild.targets(299,5): warning MSB8004: Output Directory does not end with a trailing slash.  This build instance will add the slash as it is required to allow proper evaluation of the Output Directory.
       InitializeBuildStatus:
         Creating "Debug\Helper.unsuccessfulbuild" because "AlwaysCreate" was specified.
       ClCompile:
         C:\Program Files (x86)\Microsoft Visual Studio 10.0\VC\bin\CL.exe /c /ZI /nologo /W3 /WX- /Od /Oy- /D _MBCS /D _AFXDLL /Gm /EHsc /RTC1 /MDd /GS /fp:precise /Zc:wchar_t /Zc:forScope /Fo"Debug\\" /Fd"Debug\vc100.pdb" /Gd /TP /analyze- /errorReport:prompt Matrix.cpp MatrixFactory.cpp Vector.cpp
         Vector.cpp
     1>d:\studium\grafikprogrammierung\projekt\gitreps\grafikproggen\caddeluxe\drawable.h(16): warning C4227: anachronism used : qualifiers on reference are ignored
     1>d:\studium\grafikprogrammierung\projekt\gitreps\grafikproggen\caddeluxe\drawable.h(17): warning C4227: anachronism used : qualifiers on reference are ignored
     1>d:\studium\grafikprogrammierung\projekt\gitreps\grafikproggen\caddeluxe\drawable.h(18): warning C4227: anachronism used : qualifiers on reference are ignored
     1>d:\studium\grafikprogrammierung\projekt\gitreps\grafikproggen\helper\vector.cpp(45): warning C4244: 'argument' : conversion from 'float' to 'int', possible loss of data
     1>d:\studium\grafikprogrammierung\projekt\gitreps\grafikproggen\helper\vector.cpp(60): warning C4244: 'argument' : conversion from 'float' to 'int', possible loss of data
         MatrixFactory.cpp
     1>d:\studium\grafikprogrammierung\projekt\gitreps\grafikproggen\caddeluxe\drawable.h(16): warning C4227: anachronism used : qualifiers on reference are ignored
     1>d:\studium\grafikprogrammierung\projekt\gitreps\grafikproggen\caddeluxe\drawable.h(17): warning C4227: anachronism used : qualifiers on reference are ignored
     1>d:\studium\grafikprogrammierung\projekt\gitreps\grafikproggen\caddeluxe\drawable.h(18): warning C4227: anachronism used : qualifiers on reference are ignored
     1>d:\studium\grafikprogrammierung\projekt\gitreps\grafikproggen\helper\matrixfactory.cpp(25): warning C4244: 'initializing' : conversion from 'int' to 'float', possible loss of data
     1>d:\studium\grafikprogrammierung\projekt\gitreps\grafikproggen\helper\matrixfactory.cpp(26): warning C4244: 'initializing' : conversion from 'int' to 'float', possible loss of data
     1>d:\studium\grafikprogrammierung\projekt\gitreps\grafikproggen\helper\matrixfactory.cpp(34): warning C4244: 'initializing' : conversion from 'int' to 'float', possible loss of data
     1>d:\studium\grafikprogrammierung\projekt\gitreps\grafikproggen\helper\matrixfactory.cpp(35): warning C4244: 'initializing' : conversion from 'int' to 'float', possible loss of data
     1>d:\studium\grafikprogrammierung\projekt\gitreps\grafikproggen\helper\matrixfactory.cpp(43): warning C4244: 'initializing' : conversion from 'double' to 'float', possible loss of data
         Matrix.cpp
     1>d:\studium\grafikprogrammierung\projekt\gitreps\grafikproggen\caddeluxe\drawable.h(16): warning C4227: anachronism used : qualifiers on reference are ignored
     1>d:\studium\grafikprogrammierung\projekt\gitreps\grafikproggen\caddeluxe\drawable.h(17): warning C4227: anachronism used : qualifiers on reference are ignored
     1>d:\studium\grafikprogrammierung\projekt\gitreps\grafikproggen\caddeluxe\drawable.h(18): warning C4227: anachronism used : qualifiers on reference are ignored
     1>d:\studium\grafikprogrammierung\projekt\gitreps\grafikproggen\helper\matrix.cpp(40): warning C4244: '=' : conversion from 'int' to 'float', possible loss of data
     1>d:\studium\grafikprogrammierung\projekt\gitreps\grafikproggen\helper\matrix.cpp(78): warning C4244: 'argument' : conversion from 'float' to 'int', possible loss of data
         Generating Code...
       Lib:
         C:\Program Files (x86)\Microsoft Visual Studio 10.0\VC\bin\Lib.exe /OUT:"..\lib\Helper.lib" /NOLOGO Debug\Matrix.obj
         Debug\MatrixFactory.obj
         Debug\Vector.obj
         Helper.vcxproj -> D:\Studium\Grafikprogrammierung\Projekt\gitreps\Grafikproggen\Helper\..\lib\Helper.lib
       FinalizeBuildStatus:
         Deleting file "Debug\Helper.unsuccessfulbuild".
         Touching "Debug\Helper.lastbuildstate".
     1>Done Building Project "D:\Studium\Grafikprogrammierung\Projekt\gitreps\Grafikproggen\Helper\Helper.vcxproj" (rebuild target(s)).

Build succeeded.

Time Elapsed 00:00:03.72
