S:\Grafikprogrammierung\Projekt\GKS_Programm\Release\cl.command.1.tlog
S:\Grafikprogrammierung\Projekt\GKS_Programm\Release\CL.read.1.tlog
S:\Grafikprogrammierung\Projekt\GKS_Programm\Release\CL.write.1.tlog
S:\Grafikprogrammierung\Projekt\GKS_Programm\Release\Drawable.obj
S:\Grafikprogrammierung\Projekt\GKS_Programm\Release\GeoObject.obj
S:\Grafikprogrammierung\Projekt\GKS_Programm\Release\GKS_Programm.exe
S:\Grafikprogrammierung\Projekt\GKS_Programm\Release\GKS_Programm.exe.intermediate.manifest
S:\Grafikprogrammierung\Projekt\GKS_Programm\Release\GKS_Programm.ilk
S:\Grafikprogrammierung\Projekt\GKS_Programm\Release\GKS_Programm.obj
S:\Grafikprogrammierung\Projekt\GKS_Programm\Release\GKS_Programm.pch
S:\GRAFIKPROGRAMMIERUNG\PROJEKT\GKS_PROGRAMM\RELEASE\GKS_PROGRAMM.PDB
S:\Grafikprogrammierung\Projekt\GKS_Programm\Release\GKSCircle.obj
S:\Grafikprogrammierung\Projekt\GKS_Programm\Release\GKSLine.obj
S:\Grafikprogrammierung\Projekt\GKS_Programm\Release\GKSPoint.obj
S:\Grafikprogrammierung\Projekt\GKS_Programm\Release\GP_Aufgabe1.obj
S:\Grafikprogrammierung\Projekt\GKS_Programm\Release\Kreis.obj
S:\Grafikprogrammierung\Projekt\GKS_Programm\Release\Linie.obj
S:\Grafikprogrammierung\Projekt\GKS_Programm\Release\link.command.1.tlog
S:\Grafikprogrammierung\Projekt\GKS_Programm\Release\link.read.1.tlog
S:\Grafikprogrammierung\Projekt\GKS_Programm\Release\link.write.1.tlog
S:\Grafikprogrammierung\Projekt\GKS_Programm\Release\mt.command.1.tlog
S:\Grafikprogrammierung\Projekt\GKS_Programm\Release\mt.read.1.tlog
S:\Grafikprogrammierung\Projekt\GKS_Programm\Release\mt.write.1.tlog
S:\Grafikprogrammierung\Projekt\GKS_Programm\Release\Punkt.obj
S:\Grafikprogrammierung\Projekt\GKS_Programm\Release\stdafx.obj
S:\GRAFIKPROGRAMMIERUNG\PROJEKT\GKS_PROGRAMM\RELEASE\VC100.PDB
