Build started 4/15/2013 6:38:12 PM.
     1>Project "S:\Grafikprogrammierung\Projekt\gitreps\fh_grafikprog\Helper\Helper\Helper.vcxproj" on node 2 (rebuild target(s)).
     1>_PrepareForClean:
         Deleting file "Debug\Helper.lastbuildstate".
       InitializeBuildStatus:
         Creating "Debug\Helper.unsuccessfulbuild" because "AlwaysCreate" was specified.
       ClCompile:
         C:\Program Files (x86)\Microsoft Visual Studio 10.0\VC\bin\CL.exe /c /ZI /nologo /W3 /WX- /Od /Oy- /D _MBCS /D _AFXDLL /Gm /EHsc /RTC1 /MDd /GS /fp:precise /Zc:wchar_t /Zc:forScope /Fo"Debug\\" /Fd"Debug\vc100.pdb" /Gd /TP /analyze- /errorReport:prompt Matrix.cpp MatrixFactory.cpp Vector.cpp
         Vector.cpp
     1>s:\grafikprogrammierung\projekt\gitreps\fh_grafikprog\drawable.h(16): warning C4227: anachronism used : qualifiers on reference are ignored
     1>s:\grafikprogrammierung\projekt\gitreps\fh_grafikprog\drawable.h(17): warning C4227: anachronism used : qualifiers on reference are ignored
     1>s:\grafikprogrammierung\projekt\gitreps\fh_grafikprog\drawable.h(18): warning C4227: anachronism used : qualifiers on reference are ignored
     1>s:\grafikprogrammierung\projekt\gitreps\fh_grafikprog\helper\helper\vector.cpp(45): warning C4244: 'argument' : conversion from 'float' to 'int', possible loss of data
         MatrixFactory.cpp
     1>s:\grafikprogrammierung\projekt\gitreps\fh_grafikprog\drawable.h(16): warning C4227: anachronism used : qualifiers on reference are ignored
     1>s:\grafikprogrammierung\projekt\gitreps\fh_grafikprog\drawable.h(17): warning C4227: anachronism used : qualifiers on reference are ignored
     1>s:\grafikprogrammierung\projekt\gitreps\fh_grafikprog\drawable.h(18): warning C4227: anachronism used : qualifiers on reference are ignored
     1>s:\grafikprogrammierung\projekt\gitreps\fh_grafikprog\helper\helper\matrixfactory.cpp(25): warning C4244: 'initializing' : conversion from 'int' to 'float', possible loss of data
     1>s:\grafikprogrammierung\projekt\gitreps\fh_grafikprog\helper\helper\matrixfactory.cpp(26): warning C4244: 'initializing' : conversion from 'int' to 'float', possible loss of data
     1>s:\grafikprogrammierung\projekt\gitreps\fh_grafikprog\helper\helper\matrixfactory.cpp(34): warning C4244: 'initializing' : conversion from 'int' to 'float', possible loss of data
     1>s:\grafikprogrammierung\projekt\gitreps\fh_grafikprog\helper\helper\matrixfactory.cpp(35): warning C4244: 'initializing' : conversion from 'int' to 'float', possible loss of data
     1>s:\grafikprogrammierung\projekt\gitreps\fh_grafikprog\helper\helper\matrixfactory.cpp(43): warning C4244: 'initializing' : conversion from 'double' to 'float', possible loss of data
         Matrix.cpp
     1>s:\grafikprogrammierung\projekt\gitreps\fh_grafikprog\drawable.h(16): warning C4227: anachronism used : qualifiers on reference are ignored
     1>s:\grafikprogrammierung\projekt\gitreps\fh_grafikprog\drawable.h(17): warning C4227: anachronism used : qualifiers on reference are ignored
     1>s:\grafikprogrammierung\projekt\gitreps\fh_grafikprog\drawable.h(18): warning C4227: anachronism used : qualifiers on reference are ignored
     1>s:\grafikprogrammierung\projekt\gitreps\fh_grafikprog\helper\helper\matrix.cpp(40): warning C4244: '=' : conversion from 'int' to 'float', possible loss of data
     1>s:\grafikprogrammierung\projekt\gitreps\fh_grafikprog\helper\helper\matrix.cpp(78): warning C4244: 'argument' : conversion from 'float' to 'int', possible loss of data
         Generating Code...
       Lib:
         C:\Program Files (x86)\Microsoft Visual Studio 10.0\VC\bin\Lib.exe /OUT:"S:\Grafikprogrammierung\Projekt\gitreps\fh_grafikprog\Debug\Helper.lib" /NOLOGO Debug\Matrix.obj
         Debug\MatrixFactory.obj
         Debug\Vector.obj
         Helper.vcxproj -> S:\Grafikprogrammierung\Projekt\gitreps\fh_grafikprog\Debug\Helper.lib
       FinalizeBuildStatus:
         Deleting file "Debug\Helper.unsuccessfulbuild".
         Touching "Debug\Helper.lastbuildstate".
     1>Done Building Project "S:\Grafikprogrammierung\Projekt\gitreps\fh_grafikprog\Helper\Helper\Helper.vcxproj" (rebuild target(s)).

Build succeeded.

Time Elapsed 00:00:12.34
